publishing...
Live reload server started on port: 35729
Press CTRL+C to quit ...

[0;36minfo:[0m 10 plugins are installed 
[0;36minfo:[0m 6 explicitly listed 
[0;36minfo:[0m loading plugin "search-pro"... [0;32mOK[0m 
[0;36minfo:[0m loading plugin "sitemap-general"... [0;32mOK[0m 
[0;36minfo:[0m loading plugin "livereload"... [0;32mOK[0m 
[0;36minfo:[0m loading plugin "highlight"... [0;32mOK[0m 
[0;36minfo:[0m loading plugin "theme-official"... [0;32mOK[0m 
[0;36minfo:[0m loading plugin "theme-default"... [0;32mOK[0m 
[0;36minfo:[0m found 3 pages 
[0;36minfo:[0m found 5 asset files 
[0;36minfo:[0m [0;32m>> [0mgeneration finished with success in 1.9s ! 

Starting server ...
Serving book on http://localhost:4000
publishing...
Live reload server started on port: 35729
Press CTRL+C to quit ...

[0;36minfo:[0m 10 plugins are installed 
[0;36minfo:[0m 6 explicitly listed 
[0;36minfo:[0m loading plugin "search-pro"... [0;32mOK[0m 
[0;36minfo:[0m loading plugin "sitemap-general"... [0;32mOK[0m 
[0;36minfo:[0m loading plugin "livereload"... [0;32mOK[0m 
[0;36minfo:[0m loading plugin "highlight"... [0;32mOK[0m 
[0;36minfo:[0m loading plugin "theme-official"... [0;32mOK[0m 
[0;36minfo:[0m loading plugin "theme-default"... [0;32mOK[0m 
[0;36minfo:[0m found 3 pages 
[0;36minfo:[0m found 5 asset files 
[0;36minfo:[0m [0;32m>> [0mgeneration finished with success in 1.8s ! 

Starting server ...
Serving book on http://localhost:4000
Hangup
publishing...
Live reload server started on port: 35729
Press CTRL+C to quit ...

[0;36minfo:[0m 10 plugins are installed 
[0;36minfo:[0m 6 explicitly listed 
[0;36minfo:[0m loading plugin "search-pro"... [0;32mOK[0m 
[0;36minfo:[0m loading plugin "sitemap-general"... [0;32mOK[0m 
[0;36minfo:[0m loading plugin "livereload"... [0;32mOK[0m 
[0;36minfo:[0m loading plugin "highlight"... [0;32mOK[0m 
[0;36minfo:[0m loading plugin "theme-official"... [0;32mOK[0m 
[0;36minfo:[0m loading plugin "theme-default"... [0;32mOK[0m 
[0;36minfo:[0m found 3 pages 
[0;36minfo:[0m found 5 asset files 
[0;36minfo:[0m [0;32m>> [0mgeneration finished with success in 1.8s ! 

Starting server ...
Serving book on http://localhost:4000
Hangup
publishing...
Live reload server started on port: 35729
Press CTRL+C to quit ...

[0;36minfo:[0m 10 plugins are installed 
[0;36minfo:[0m 6 explicitly listed 
[0;36minfo:[0m loading plugin "search-pro"... [0;32mOK[0m 
[0;36minfo:[0m loading plugin "sitemap-general"... [0;32mOK[0m 
[0;36minfo:[0m loading plugin "livereload"... [0;32mOK[0m 
[0;36minfo:[0m loading plugin "highlight"... [0;32mOK[0m 
[0;36minfo:[0m loading plugin "theme-official"... [0;32mOK[0m 
[0;36minfo:[0m loading plugin "theme-default"... [0;32mOK[0m 
[0;36minfo:[0m found 3 pages 
[0;36minfo:[0m found 5 asset files 
[0;36minfo:[0m [0;32m>> [0mgeneration finished with success in 1.7s ! 

Starting server ...
Serving book on http://localhost:4000
Hangup

[0;31mError: Command server doesn't exist, run "gitbook help" to list commands.[0m
收到请求
Received a push event for FE-interview to refs/heads/master
Updating fe3a10b..6b5bf0c

收到请求
Received a push event for FE-interview to refs/heads/master
Already up-to-date.

收到请求
Received a push event for FE-interview to refs/heads/master
Updating 96f05a9..af1e331
Fast-forward
 deploy.js  | 1 +
 publish.sh | 2 +-
 2 files changed, 2 insertions(+), 1 deletion(-)

收到请求
Received a push event for FE-interview to refs/heads/master
Updating af1e331..d99afa9
Fast-forward
 _book_cache/.gitignore                             |   4 -
 _book_cache/docs/CSS.html                          | 654 --------------------
 _book_cache/docs/JS.html                           | 246 --------
 _book_cache/example.html                           |  48 --
 .../gitbook/fonts/fontawesome/FontAwesome.otf      | Bin 124988 -> 0 bytes
 .../fonts/fontawesome/fontawesome-webfont.eot      | Bin 76518 -> 0 bytes
 .../fonts/fontawesome/fontawesome-webfont.svg      | 685 ---------------------
 .../fonts/fontawesome/fontawesome-webfont.ttf      | Bin 152796 -> 0 bytes
 .../fonts/fontawesome/fontawesome-webfont.woff     | Bin 90412 -> 0 bytes
 .../fonts/fontawesome/fontawesome-webfont.woff2    | Bin 71896 -> 0 bytes
 _book_cache/gitbook/fonts/octicons/README.md       |   1 -
 .../gitbook/fonts/octicons/octicons-local.ttf      | Bin 52260 -> 0 bytes
 _book_cache/gitbook/fonts/octicons/octicons.css    | 225 -------
 _book_cache/gitbook/fonts/octicons/octicons.eot    | Bin 30564 -> 0 bytes
 _book_cache/gitbook/fonts/octicons/octicons.less   | 224 -------
 _book_cache/gitbook/fonts/octicons/octicons.scss   | 224 -------
 _book_cache/gitbook/fonts/octicons/octicons.svg    | 187 ------
 _book_cache/gitbook/fonts/octicons/octicons.ttf    | Bin 30396 -> 0 bytes
 _book_cache/gitbook/fonts/octicons/octicons.woff   | Bin 16936 -> 0 bytes
 .../gitbook/fonts/octicons/sprockets-octicons.scss | 221 -------
 .../gitbook/gitbook-plugin-highlight/ebook.css     | 135 ----
 .../gitbook/gitbook-plugin-highlight/website.css   | 434 -------------
 .../gitbook/gitbook-plugin-livereload/plugin.js    |  11 -
 .../gitbook-plugin-search-pro/jquery.mark.min.js   |   7 -
 .../gitbook/gitbook-plugin-search-pro/search.css   |  41 --
 .../gitbook/gitbook-plugin-search-pro/search.js    | 261 --------
 _book_cache/gitbook/gitbook.js                     |   4 -
 .../images/apple-touch-icon-precomposed-152.png    | Bin 4817 -> 0 bytes
 _book_cache/gitbook/images/favicon.ico             | Bin 4286 -> 0 bytes
 _book_cache/gitbook/images/logo/1024.png           | Bin 41645 -> 0 bytes
 _book_cache/gitbook/images/logo/128.png            | Bin 4799 -> 0 bytes
 _book_cache/gitbook/images/logo/128t.png           | Bin 4614 -> 0 bytes
 _book_cache/gitbook/images/logo/16.png             | Bin 759 -> 0 bytes
 _book_cache/gitbook/images/logo/256.png            | Bin 9338 -> 0 bytes
 _book_cache/gitbook/images/logo/32.png             | Bin 1347 -> 0 bytes
 _book_cache/gitbook/images/logo/320-text.png       | Bin 8147 -> 0 bytes
 _book_cache/gitbook/images/logo/512-text.png       | Bin 11198 -> 0 bytes
 _book_cache/gitbook/images/logo/512.png            | Bin 19271 -> 0 bytes
 _book_cache/gitbook/images/logo/512t.png           | Bin 18809 -> 0 bytes
 _book_cache/gitbook/images/logo/512wt.png          | Bin 16354 -> 0 bytes
 _book_cache/gitbook/images/logo/64.png             | Bin 2486 -> 0 bytes
 _book_cache/gitbook/images/logo/64t.png            | Bin 2352 -> 0 bytes
 .../gitbook/images/logo/apple-touch-icon-152.png   | Bin 4817 -> 0 bytes
 _book_cache/gitbook/images/logo/favicon.ico        | Bin 4286 -> 0 bytes
 _book_cache/gitbook/images/logo/mac.icns           | Bin 133662 -> 0 bytes
 .../gitbook/images/logo/published-with-gitbook.png | Bin 35024 -> 0 bytes
 _book_cache/gitbook/images/logo/tile-facebook.png  | Bin 4693 -> 0 bytes
 _book_cache/gitbook/images/logo/windows_256.ico    | Bin 9163 -> 0 bytes
 _book_cache/gitbook/style.css                      |   1 -
 _book_cache/gitbook/theme.js                       |   4 -
 _book_cache/index.html                             | 241 --------
 _book_cache/nohup.out                              |  51 --
 _book_cache/package.json                           |  11 -
 _book_cache/publish.sh                             |   7 -
 _book_cache/search_plus_index.json                 |   1 -
 _book_cache/sitemap.xml                            |   6 -
 56 files changed, 3934 deletions(-)
 delete mode 100644 _book_cache/.gitignore
 delete mode 100644 _book_cache/docs/CSS.html
 delete mode 100644 _book_cache/docs/JS.html
 delete mode 100644 _book_cache/example.html
 delete mode 100644 _book_cache/gitbook/fonts/fontawesome/FontAwesome.otf
 delete mode 100644 _book_cache/gitbook/fonts/fontawesome/fontawesome-webfont.eot
 delete mode 100644 _book_cache/gitbook/fonts/fontawesome/fontawesome-webfont.svg
 delete mode 100644 _book_cache/gitbook/fonts/fontawesome/fontawesome-webfont.ttf
 delete mode 100644 _book_cache/gitbook/fonts/fontawesome/fontawesome-webfont.woff
 delete mode 100644 _book_cache/gitbook/fonts/fontawesome/fontawesome-webfont.woff2
 delete mode 100644 _book_cache/gitbook/fonts/octicons/README.md
 delete mode 100644 _book_cache/gitbook/fonts/octicons/octicons-local.ttf
 delete mode 100644 _book_cache/gitbook/fonts/octicons/octicons.css
 delete mode 100644 _book_cache/gitbook/fonts/octicons/octicons.eot
 delete mode 100644 _book_cache/gitbook/fonts/octicons/octicons.less
 delete mode 100644 _book_cache/gitbook/fonts/octicons/octicons.scss
 delete mode 100644 _book_cache/gitbook/fonts/octicons/octicons.svg
 delete mode 100644 _book_cache/gitbook/fonts/octicons/octicons.ttf
 delete mode 100644 _book_cache/gitbook/fonts/octicons/octicons.woff
 delete mode 100644 _book_cache/gitbook/fonts/octicons/sprockets-octicons.scss
 delete mode 100644 _book_cache/gitbook/gitbook-plugin-highlight/ebook.css
 delete mode 100644 _book_cache/gitbook/gitbook-plugin-highlight/website.css
 delete mode 100644 _book_cache/gitbook/gitbook-plugin-livereload/plugin.js
 delete mode 100644 _book_cache/gitbook/gitbook-plugin-search-pro/jquery.mark.min.js
 delete mode 100644 _book_cache/gitbook/gitbook-plugin-search-pro/search.css
 delete mode 100644 _book_cache/gitbook/gitbook-plugin-search-pro/search.js
 delete mode 100644 _book_cache/gitbook/gitbook.js
 delete mode 100644 _book_cache/gitbook/images/apple-touch-icon-precomposed-152.png
 delete mode 100644 _book_cache/gitbook/images/favicon.ico
 delete mode 100644 _book_cache/gitbook/images/logo/1024.png
 delete mode 100644 _book_cache/gitbook/images/logo/128.png
 delete mode 100644 _book_cache/gitbook/images/logo/128t.png
 delete mode 100644 _book_cache/gitbook/images/logo/16.png
 delete mode 100644 _book_cache/gitbook/images/logo/256.png
 delete mode 100644 _book_cache/gitbook/images/logo/32.png
 delete mode 100644 _book_cache/gitbook/images/logo/320-text.png
 delete mode 100644 _book_cache/gitbook/images/logo/512-text.png
 delete mode 100644 _book_cache/gitbook/images/logo/512.png
 delete mode 100644 _book_cache/gitbook/images/logo/512t.png
 delete mode 100644 _book_cache/gitbook/images/logo/512wt.png
 delete mode 100644 _book_cache/gitbook/images/logo/64.png
 delete mode 100644 _book_cache/gitbook/images/logo/64t.png
 delete mode 100644 _book_cache/gitbook/images/logo/apple-touch-icon-152.png
 delete mode 100644 _book_cache/gitbook/images/logo/favicon.ico
 delete mode 100644 _book_cache/gitbook/images/logo/mac.icns
 delete mode 100644 _book_cache/gitbook/images/logo/published-with-gitbook.png
 delete mode 100644 _book_cache/gitbook/images/logo/tile-facebook.png
 delete mode 100644 _book_cache/gitbook/images/logo/windows_256.ico
 delete mode 100644 _book_cache/gitbook/style.css
 delete mode 100644 _book_cache/gitbook/theme.js
 delete mode 100644 _book_cache/index.html
 delete mode 100644 _book_cache/nohup.out
 delete mode 100644 _book_cache/package.json
 delete mode 100644 _book_cache/publish.sh
 delete mode 100644 _book_cache/search_plus_index.json
 delete mode 100644 _book_cache/sitemap.xml

收到请求
Received a push event for FE-interview to refs/heads/master
Updating d99afa9..e038b01
Fast-forward
 _book/deploy.js              |  3 +-
 _book/docs/CSS.html          |  6 ++--
 _book/docs/JS.html           |  6 ++--
 _book/docs/LEETCODE.html     |  9 ++---
 _book/index.html             |  6 ++--
 _book/nohup.out              | 81 ++++++++++++++++++++++++++++++++++++++++++++
 _book/publish.sh             |  2 +-
 _book/search_plus_index.json |  2 +-
 book.json                    |  8 ++---
 docs/LEETCODE.md             |  2 ++
 10 files changed, 105 insertions(+), 20 deletions(-)
 create mode 100644 _book/nohup.out

